20:45:33.918 [background-preinit] INFO  o.h.v.i.util.Version - [<clinit>,21] - HV000001: Hibernate Validator 8.0.0.Final
20:45:33.980 [main] INFO  c.a.c.n.c.NacosConfigDataLoader - [logTo,250] - [Nacos Config] Load config[dataId=yuluo-microservices-common.yml, group=DEFAULT_GROUP] success
20:45:33.980 [main] INFO  c.a.c.n.c.NacosConfigDataLoader - [logTo,250] - [Nacos Config] Load config[dataId=yuluo-microservices-common.yml, group=DEFAULT_GROUP] success
20:45:33.980 [main] INFO  c.a.c.n.c.NacosConfigDataLoader - [logTo,250] - [Nacos Config] Load config[dataId=yuluo-microservices-gateway.yml, group=DEFAULT_GROUP] success
20:45:34.565 [main] INFO  i.y.g.YuluoMicroServicesGatewayApplication - [logStartupProfileInfo,636] - The following 1 profile is active: "dev"
20:45:34.576 [main] INFO  c.a.c.n.c.NacosConfigDataLoader - [logTo,250] - [Nacos Config] Load config[dataId=yuluo-microservices-common.yml, group=DEFAULT_GROUP] success
20:45:34.576 [main] INFO  c.a.c.n.c.NacosConfigDataLoader - [logTo,250] - [Nacos Config] Load config[dataId=yuluo-microservices-common.yml, group=DEFAULT_GROUP] success
20:45:34.576 [main] INFO  c.a.c.n.c.NacosConfigDataLoader - [logTo,250] - [Nacos Config] Load config[dataId=yuluo-microservices-gateway.yml, group=DEFAULT_GROUP] success
20:45:36.376 [main] INFO  o.a.c.h.Http11NioProtocol - [log,173] - Initializing ProtocolHandler ["http-nio-9280"]
20:45:36.377 [main] INFO  o.a.c.c.StandardService - [log,173] - Starting service [Tomcat]
20:45:36.377 [main] INFO  o.a.c.c.StandardEngine - [log,173] - Starting Servlet engine: [Apache Tomcat/10.1.5]
20:45:38.292 [main] INFO  c.a.c.s.g.s.SentinelSCGAutoConfiguration - [initFallback,110] - [Sentinel SpringCloudGateway] using AnonymousBlockRequestHandler, responseStatus: 200, responseBody: {"code": 200,"message": "请求失败，稍后重试！"}
20:45:38.293 [main] INFO  c.a.c.s.g.s.SentinelSCGAutoConfiguration - [sentinelGatewayFilter,143] - [Sentinel SpringCloudGateway] register SentinelGatewayFilter with order: -2147483648
20:45:40.122 [main] INFO  c.a.c.s.g.s.SentinelSCGAutoConfiguration - [sentinelGatewayBlockExceptionHandler,133] - [Sentinel SpringCloudGateway] register SentinelGatewayBlockExceptionHandler
20:45:40.823 [main] INFO  o.a.c.h.Http11NioProtocol - [log,173] - Starting ProtocolHandler ["http-nio-9280"]
20:45:41.542 [main] INFO  c.a.c.n.r.NacosServiceRegistry - [register,76] - nacos registry, DEFAULT_GROUP yuluo-microservices-gateway 192.168.10.1:9280 register finished
20:45:41.635 [main] INFO  i.y.g.YuluoMicroServicesGatewayApplication - [logStarted,57] - Started YuluoMicroServicesGatewayApplication in 9.861 seconds (process running for 11.355)
20:45:41.657 [main] INFO  c.a.c.n.r.NacosContextRefresher - [registerNacosListener,129] - [Nacos Config] Listening config: dataId=yuluo-microservices-common.yml, group=DEFAULT_GROUP
20:45:41.658 [main] INFO  c.a.c.n.r.NacosContextRefresher - [registerNacosListener,129] - [Nacos Config] Listening config: dataId=yuluo-microservices-gateway, group=DEFAULT_GROUP
20:45:41.661 [main] INFO  c.a.c.n.r.NacosContextRefresher - [registerNacosListener,129] - [Nacos Config] Listening config: dataId=yuluo-microservices-gateway.yml, group=DEFAULT_GROUP
20:45:41.663 [main] INFO  c.a.c.n.r.NacosContextRefresher - [registerNacosListener,129] - [Nacos Config] Listening config: dataId=yuluo-microservices-gateway.yaml, group=DEFAULT_GROUP
20:45:41.664 [main] INFO  c.a.c.n.r.NacosContextRefresher - [registerNacosListener,129] - [Nacos Config] Listening config: dataId=yuluo-microservices-gateway-dev.yaml, group=DEFAULT_GROUP
20:46:37.558 [SpringApplicationShutdownHook] INFO  c.a.c.n.r.NacosServiceRegistry - [deregister,95] - De-registering from Nacos Server now...
20:46:37.563 [SpringApplicationShutdownHook] INFO  c.a.c.n.r.NacosServiceRegistry - [deregister,115] - De-registration finished.
20:46:44.662 [background-preinit] INFO  o.h.v.i.util.Version - [<clinit>,21] - HV000001: Hibernate Validator 8.0.0.Final
20:46:44.750 [main] INFO  c.a.c.n.c.NacosConfigDataLoader - [logTo,250] - [Nacos Config] Load config[dataId=yuluo-microservices-common.yml, group=DEFAULT_GROUP] success
20:46:44.751 [main] INFO  c.a.c.n.c.NacosConfigDataLoader - [logTo,250] - [Nacos Config] Load config[dataId=yuluo-microservices-common.yml, group=DEFAULT_GROUP] success
20:46:44.751 [main] INFO  c.a.c.n.c.NacosConfigDataLoader - [logTo,250] - [Nacos Config] Load config[dataId=yuluo-microservices-gateway.yml, group=DEFAULT_GROUP] success
20:46:45.332 [main] INFO  i.y.g.YuluoMicroServicesGatewayApplication - [logStartupProfileInfo,636] - The following 1 profile is active: "dev"
20:46:45.343 [main] INFO  c.a.c.n.c.NacosConfigDataLoader - [logTo,250] - [Nacos Config] Load config[dataId=yuluo-microservices-common.yml, group=DEFAULT_GROUP] success
20:46:45.343 [main] INFO  c.a.c.n.c.NacosConfigDataLoader - [logTo,250] - [Nacos Config] Load config[dataId=yuluo-microservices-common.yml, group=DEFAULT_GROUP] success
20:46:45.344 [main] INFO  c.a.c.n.c.NacosConfigDataLoader - [logTo,250] - [Nacos Config] Load config[dataId=yuluo-microservices-gateway.yml, group=DEFAULT_GROUP] success
20:46:46.902 [main] INFO  o.a.c.h.Http11NioProtocol - [log,173] - Initializing ProtocolHandler ["http-nio-9280"]
20:46:46.903 [main] INFO  o.a.c.c.StandardService - [log,173] - Starting service [Tomcat]
20:46:46.903 [main] INFO  o.a.c.c.StandardEngine - [log,173] - Starting Servlet engine: [Apache Tomcat/10.1.5]
20:46:48.640 [main] INFO  c.a.c.s.g.s.SentinelSCGAutoConfiguration - [initFallback,110] - [Sentinel SpringCloudGateway] using AnonymousBlockRequestHandler, responseStatus: 200, responseBody: {"code": 200,"message": "请求失败，稍后重试！"}
20:46:48.640 [main] INFO  c.a.c.s.g.s.SentinelSCGAutoConfiguration - [sentinelGatewayFilter,143] - [Sentinel SpringCloudGateway] register SentinelGatewayFilter with order: -2147483648
20:46:50.057 [main] INFO  c.a.c.s.g.s.SentinelSCGAutoConfiguration - [sentinelGatewayBlockExceptionHandler,133] - [Sentinel SpringCloudGateway] register SentinelGatewayBlockExceptionHandler
20:46:50.549 [main] INFO  o.a.c.h.Http11NioProtocol - [log,173] - Starting ProtocolHandler ["http-nio-9280"]
20:46:51.058 [main] INFO  c.a.c.n.r.NacosServiceRegistry - [register,76] - nacos registry, DEFAULT_GROUP yuluo-microservices-gateway 192.168.10.1:9280 register finished
20:46:51.129 [main] INFO  i.y.g.YuluoMicroServicesGatewayApplication - [logStarted,57] - Started YuluoMicroServicesGatewayApplication in 8.643 seconds (process running for 10.291)
20:46:51.146 [main] INFO  c.a.c.n.r.NacosContextRefresher - [registerNacosListener,129] - [Nacos Config] Listening config: dataId=yuluo-microservices-common.yml, group=DEFAULT_GROUP
20:46:51.147 [main] INFO  c.a.c.n.r.NacosContextRefresher - [registerNacosListener,129] - [Nacos Config] Listening config: dataId=yuluo-microservices-gateway, group=DEFAULT_GROUP
20:46:51.150 [main] INFO  c.a.c.n.r.NacosContextRefresher - [registerNacosListener,129] - [Nacos Config] Listening config: dataId=yuluo-microservices-gateway.yml, group=DEFAULT_GROUP
20:46:51.151 [main] INFO  c.a.c.n.r.NacosContextRefresher - [registerNacosListener,129] - [Nacos Config] Listening config: dataId=yuluo-microservices-gateway.yaml, group=DEFAULT_GROUP
20:46:51.151 [main] INFO  c.a.c.n.r.NacosContextRefresher - [registerNacosListener,129] - [Nacos Config] Listening config: dataId=yuluo-microservices-gateway-dev.yaml, group=DEFAULT_GROUP
20:49:10.041 [SpringApplicationShutdownHook] INFO  c.a.c.n.r.NacosServiceRegistry - [deregister,95] - De-registering from Nacos Server now...
20:49:10.049 [SpringApplicationShutdownHook] INFO  c.a.c.n.r.NacosServiceRegistry - [deregister,115] - De-registration finished.
20:49:16.249 [background-preinit] INFO  o.h.v.i.util.Version - [<clinit>,21] - HV000001: Hibernate Validator 8.0.0.Final
20:49:16.306 [main] INFO  c.a.c.n.c.NacosConfigDataLoader - [logTo,250] - [Nacos Config] Load config[dataId=yuluo-microservices-common.yml, group=DEFAULT_GROUP] success
20:49:16.306 [main] INFO  c.a.c.n.c.NacosConfigDataLoader - [logTo,250] - [Nacos Config] Load config[dataId=yuluo-microservices-common.yml, group=DEFAULT_GROUP] success
20:49:16.307 [main] INFO  c.a.c.n.c.NacosConfigDataLoader - [logTo,250] - [Nacos Config] Load config[dataId=yuluo-microservices-gateway.yml, group=DEFAULT_GROUP] success
20:49:16.819 [main] INFO  i.y.g.YuluoMicroServicesGatewayApplication - [logStartupProfileInfo,636] - The following 1 profile is active: "dev"
20:49:16.828 [main] INFO  c.a.c.n.c.NacosConfigDataLoader - [logTo,250] - [Nacos Config] Load config[dataId=yuluo-microservices-common.yml, group=DEFAULT_GROUP] success
20:49:16.829 [main] INFO  c.a.c.n.c.NacosConfigDataLoader - [logTo,250] - [Nacos Config] Load config[dataId=yuluo-microservices-common.yml, group=DEFAULT_GROUP] success
20:49:16.829 [main] INFO  c.a.c.n.c.NacosConfigDataLoader - [logTo,250] - [Nacos Config] Load config[dataId=yuluo-microservices-gateway.yml, group=DEFAULT_GROUP] success
20:49:18.267 [main] INFO  o.a.c.h.Http11NioProtocol - [log,173] - Initializing ProtocolHandler ["http-nio-9280"]
20:49:18.267 [main] INFO  o.a.c.c.StandardService - [log,173] - Starting service [Tomcat]
20:49:18.268 [main] INFO  o.a.c.c.StandardEngine - [log,173] - Starting Servlet engine: [Apache Tomcat/10.1.5]
20:49:19.866 [main] INFO  c.a.c.s.g.s.SentinelSCGAutoConfiguration - [initFallback,110] - [Sentinel SpringCloudGateway] using AnonymousBlockRequestHandler, responseStatus: 200, responseBody: {"code": 200,"message": "请求失败，稍后重试！"}
20:49:19.867 [main] INFO  c.a.c.s.g.s.SentinelSCGAutoConfiguration - [sentinelGatewayFilter,143] - [Sentinel SpringCloudGateway] register SentinelGatewayFilter with order: -2147483648
20:49:21.315 [main] INFO  c.a.c.s.g.s.SentinelSCGAutoConfiguration - [sentinelGatewayBlockExceptionHandler,133] - [Sentinel SpringCloudGateway] register SentinelGatewayBlockExceptionHandler
20:49:21.766 [main] INFO  o.a.c.h.Http11NioProtocol - [log,173] - Starting ProtocolHandler ["http-nio-9280"]
20:49:22.273 [main] INFO  c.a.c.n.r.NacosServiceRegistry - [register,76] - nacos registry, DEFAULT_GROUP yuluo-microservices-gateway 192.168.10.1:9280 register finished
20:49:22.338 [main] INFO  i.y.g.YuluoMicroServicesGatewayApplication - [logStarted,57] - Started YuluoMicroServicesGatewayApplication in 8.123 seconds (process running for 9.315)
20:49:22.354 [main] INFO  c.a.c.n.r.NacosContextRefresher - [registerNacosListener,129] - [Nacos Config] Listening config: dataId=yuluo-microservices-common.yml, group=DEFAULT_GROUP
20:49:22.355 [main] INFO  c.a.c.n.r.NacosContextRefresher - [registerNacosListener,129] - [Nacos Config] Listening config: dataId=yuluo-microservices-gateway, group=DEFAULT_GROUP
20:49:22.357 [main] INFO  c.a.c.n.r.NacosContextRefresher - [registerNacosListener,129] - [Nacos Config] Listening config: dataId=yuluo-microservices-gateway.yml, group=DEFAULT_GROUP
20:49:22.358 [main] INFO  c.a.c.n.r.NacosContextRefresher - [registerNacosListener,129] - [Nacos Config] Listening config: dataId=yuluo-microservices-gateway.yaml, group=DEFAULT_GROUP
20:49:22.358 [main] INFO  c.a.c.n.r.NacosContextRefresher - [registerNacosListener,129] - [Nacos Config] Listening config: dataId=yuluo-microservices-gateway-dev.yaml, group=DEFAULT_GROUP
20:54:23.471 [SpringApplicationShutdownHook] INFO  c.a.c.n.r.NacosServiceRegistry - [deregister,95] - De-registering from Nacos Server now...
20:54:23.474 [SpringApplicationShutdownHook] INFO  c.a.c.n.r.NacosServiceRegistry - [deregister,115] - De-registration finished.
20:54:30.697 [background-preinit] INFO  o.h.v.i.util.Version - [<clinit>,21] - HV000001: Hibernate Validator 8.0.0.Final
20:54:30.753 [main] INFO  c.a.c.n.c.NacosConfigDataLoader - [logTo,250] - [Nacos Config] Load config[dataId=yuluo-microservices-common.yml, group=DEFAULT_GROUP] success
20:54:30.753 [main] INFO  c.a.c.n.c.NacosConfigDataLoader - [logTo,250] - [Nacos Config] Load config[dataId=yuluo-microservices-common.yml, group=DEFAULT_GROUP] success
20:54:30.754 [main] INFO  c.a.c.n.c.NacosConfigDataLoader - [logTo,250] - [Nacos Config] Load config[dataId=yuluo-microservices-gateway.yml, group=DEFAULT_GROUP] success
20:54:31.289 [main] INFO  i.y.g.YuluoMicroServicesGatewayApplication - [logStartupProfileInfo,636] - The following 1 profile is active: "dev"
20:54:31.299 [main] INFO  c.a.c.n.c.NacosConfigDataLoader - [logTo,250] - [Nacos Config] Load config[dataId=yuluo-microservices-common.yml, group=DEFAULT_GROUP] success
20:54:31.300 [main] INFO  c.a.c.n.c.NacosConfigDataLoader - [logTo,250] - [Nacos Config] Load config[dataId=yuluo-microservices-common.yml, group=DEFAULT_GROUP] success
20:54:31.300 [main] INFO  c.a.c.n.c.NacosConfigDataLoader - [logTo,250] - [Nacos Config] Load config[dataId=yuluo-microservices-gateway.yml, group=DEFAULT_GROUP] success
20:54:32.939 [main] INFO  o.a.c.h.Http11NioProtocol - [log,173] - Initializing ProtocolHandler ["http-nio-9280"]
20:54:32.940 [main] INFO  o.a.c.c.StandardService - [log,173] - Starting service [Tomcat]
20:54:32.940 [main] INFO  o.a.c.c.StandardEngine - [log,173] - Starting Servlet engine: [Apache Tomcat/10.1.5]
20:54:34.576 [main] INFO  c.a.c.s.g.s.SentinelSCGAutoConfiguration - [initFallback,110] - [Sentinel SpringCloudGateway] using AnonymousBlockRequestHandler, responseStatus: 200, responseBody: {"code": 200,"message": "请求失败，稍后重试！"}
20:54:34.577 [main] INFO  c.a.c.s.g.s.SentinelSCGAutoConfiguration - [sentinelGatewayFilter,143] - [Sentinel SpringCloudGateway] register SentinelGatewayFilter with order: -2147483648
20:54:36.322 [main] INFO  c.a.c.s.g.s.SentinelSCGAutoConfiguration - [sentinelGatewayBlockExceptionHandler,133] - [Sentinel SpringCloudGateway] register SentinelGatewayBlockExceptionHandler
20:54:36.823 [main] INFO  o.a.c.h.Http11NioProtocol - [log,173] - Starting ProtocolHandler ["http-nio-9280"]
20:54:37.341 [main] INFO  c.a.c.n.r.NacosServiceRegistry - [register,76] - nacos registry, DEFAULT_GROUP yuluo-microservices-gateway 192.168.10.1:9280 register finished
20:54:37.404 [main] INFO  i.y.g.YuluoMicroServicesGatewayApplication - [logStarted,57] - Started YuluoMicroServicesGatewayApplication in 8.785 seconds (process running for 10.087)
20:54:37.420 [main] INFO  c.a.c.n.r.NacosContextRefresher - [registerNacosListener,129] - [Nacos Config] Listening config: dataId=yuluo-microservices-common.yml, group=DEFAULT_GROUP
20:54:37.421 [main] INFO  c.a.c.n.r.NacosContextRefresher - [registerNacosListener,129] - [Nacos Config] Listening config: dataId=yuluo-microservices-gateway, group=DEFAULT_GROUP
20:54:37.423 [main] INFO  c.a.c.n.r.NacosContextRefresher - [registerNacosListener,129] - [Nacos Config] Listening config: dataId=yuluo-microservices-gateway.yml, group=DEFAULT_GROUP
20:54:37.424 [main] INFO  c.a.c.n.r.NacosContextRefresher - [registerNacosListener,129] - [Nacos Config] Listening config: dataId=yuluo-microservices-gateway.yaml, group=DEFAULT_GROUP
20:54:37.425 [main] INFO  c.a.c.n.r.NacosContextRefresher - [registerNacosListener,129] - [Nacos Config] Listening config: dataId=yuluo-microservices-gateway-dev.yaml, group=DEFAULT_GROUP
21:01:54.677 [SpringApplicationShutdownHook] INFO  c.a.c.n.r.NacosServiceRegistry - [deregister,95] - De-registering from Nacos Server now...
21:01:54.682 [SpringApplicationShutdownHook] INFO  c.a.c.n.r.NacosServiceRegistry - [deregister,115] - De-registration finished.
