20:45:55.985 [background-preinit] INFO  o.h.v.i.util.Version - [<clinit>,21] - HV000001: Hibernate Validator 8.0.0.Final
20:45:56.059 [main] INFO  c.a.c.n.c.NacosConfigDataLoader - [logTo,250] - [Nacos Config] Load config[dataId=yuluo-microservices-common.yml, group=DEFAULT_GROUP] success
20:45:56.059 [main] INFO  c.a.c.n.c.NacosConfigDataLoader - [logTo,250] - [Nacos Config] Load config[dataId=yuluo-microservices-common.yml, group=DEFAULT_GROUP] success
20:45:56.059 [main] INFO  c.a.c.n.c.NacosConfigDataLoader - [logTo,250] - [Nacos Config] Load config[dataId=yuluo-microservices-auth.yml, group=DEFAULT_GROUP] success
20:45:56.629 [main] INFO  i.y.a.YuluoMicroServiceAuthApplication - [logStartupProfileInfo,636] - The following 1 profile is active: "dev"
20:45:56.642 [main] INFO  c.a.c.n.c.NacosConfigDataLoader - [logTo,250] - [Nacos Config] Load config[dataId=yuluo-microservices-common.yml, group=DEFAULT_GROUP] success
20:45:56.642 [main] INFO  c.a.c.n.c.NacosConfigDataLoader - [logTo,250] - [Nacos Config] Load config[dataId=yuluo-microservices-common.yml, group=DEFAULT_GROUP] success
20:45:56.642 [main] INFO  c.a.c.n.c.NacosConfigDataLoader - [logTo,250] - [Nacos Config] Load config[dataId=yuluo-microservices-auth.yml, group=DEFAULT_GROUP] success
20:45:58.994 [main] INFO  o.a.c.h.Http11NioProtocol - [log,173] - Initializing ProtocolHandler ["http-nio-9281"]
20:45:58.995 [main] INFO  o.a.c.c.StandardService - [log,173] - Starting service [Tomcat]
20:45:58.995 [main] INFO  o.a.c.c.StandardEngine - [log,173] - Starting Servlet engine: [Apache Tomcat/10.1.5]
20:45:59.087 [main] INFO  o.a.c.c.C.[.[.[/] - [log,173] - Initializing Spring embedded WebApplicationContext
20:46:00.571 [main] INFO  c.a.c.s.SentinelWebMvcConfigurer - [addInterceptors,52] - [Sentinel Starter] register SentinelWebInterceptor with urlPatterns: [/**].
20:46:03.595 [main] INFO  o.a.c.h.Http11NioProtocol - [log,173] - Starting ProtocolHandler ["http-nio-9281"]
20:46:03.964 [main] INFO  c.a.c.n.r.NacosServiceRegistry - [register,76] - nacos registry, DEFAULT_GROUP yuluo-microservices-auth 192.168.10.1:9281 register finished
20:46:04.156 [main] INFO  i.y.a.YuluoMicroServiceAuthApplication - [logStarted,57] - Started YuluoMicroServiceAuthApplication in 10.5 seconds (process running for 11.974)
20:46:04.174 [main] INFO  c.a.c.n.r.NacosContextRefresher - [registerNacosListener,129] - [Nacos Config] Listening config: dataId=yuluo-microservices-auth, group=DEFAULT_GROUP
20:46:04.174 [main] INFO  c.a.c.n.r.NacosContextRefresher - [registerNacosListener,129] - [Nacos Config] Listening config: dataId=yuluo-microservices-auth.yaml, group=DEFAULT_GROUP
20:46:04.182 [main] INFO  c.a.c.n.r.NacosContextRefresher - [registerNacosListener,129] - [Nacos Config] Listening config: dataId=yuluo-microservices-common.yml, group=DEFAULT_GROUP
20:46:04.185 [main] INFO  c.a.c.n.r.NacosContextRefresher - [registerNacosListener,129] - [Nacos Config] Listening config: dataId=yuluo-microservices-auth.yml, group=DEFAULT_GROUP
20:46:04.186 [main] INFO  c.a.c.n.r.NacosContextRefresher - [registerNacosListener,129] - [Nacos Config] Listening config: dataId=yuluo-microservices-auth-dev.yaml, group=DEFAULT_GROUP
20:46:04.569 [RMI TCP Connection(3)-192.168.3.19] INFO  o.a.c.c.C.[.[.[/] - [log,173] - Initializing Spring DispatcherServlet 'dispatcherServlet'
20:46:04.598 [RMI TCP Connection(2)-192.168.3.19] INFO  c.z.h.HikariDataSource - [getConnection,110] - HikariPool-1 - Starting...
20:46:04.824 [RMI TCP Connection(2)-192.168.3.19] INFO  c.z.h.p.HikariPool - [checkFailFast,565] - HikariPool-1 - Added connection com.p6spy.engine.wrapper.ConnectionWrapper@6887f050
20:46:04.838 [RMI TCP Connection(2)-192.168.3.19] INFO  c.z.h.HikariDataSource - [getConnection,123] - HikariPool-1 - Start completed.
20:46:26.657 [SpringApplicationShutdownHook] INFO  c.a.c.n.r.NacosServiceRegistry - [deregister,95] - De-registering from Nacos Server now...
20:46:26.664 [SpringApplicationShutdownHook] INFO  c.a.c.n.r.NacosServiceRegistry - [deregister,115] - De-registration finished.
20:46:26.812 [SpringApplicationShutdownHook] INFO  c.z.h.HikariDataSource - [close,350] - HikariPool-1 - Shutdown initiated...
20:46:26.823 [SpringApplicationShutdownHook] INFO  c.z.h.HikariDataSource - [close,352] - HikariPool-1 - Shutdown completed.
20:46:34.438 [background-preinit] INFO  o.h.v.i.util.Version - [<clinit>,21] - HV000001: Hibernate Validator 8.0.0.Final
20:46:34.501 [main] INFO  c.a.c.n.c.NacosConfigDataLoader - [logTo,250] - [Nacos Config] Load config[dataId=yuluo-microservices-common.yml, group=DEFAULT_GROUP] success
20:46:34.502 [main] INFO  c.a.c.n.c.NacosConfigDataLoader - [logTo,250] - [Nacos Config] Load config[dataId=yuluo-microservices-common.yml, group=DEFAULT_GROUP] success
20:46:34.502 [main] INFO  c.a.c.n.c.NacosConfigDataLoader - [logTo,250] - [Nacos Config] Load config[dataId=yuluo-microservices-auth.yml, group=DEFAULT_GROUP] success
20:46:35.151 [main] INFO  i.y.a.YuluoMicroServiceAuthApplication - [logStartupProfileInfo,636] - The following 1 profile is active: "dev"
20:46:35.170 [main] INFO  c.a.c.n.c.NacosConfigDataLoader - [logTo,250] - [Nacos Config] Load config[dataId=yuluo-microservices-common.yml, group=DEFAULT_GROUP] success
20:46:35.171 [main] INFO  c.a.c.n.c.NacosConfigDataLoader - [logTo,250] - [Nacos Config] Load config[dataId=yuluo-microservices-common.yml, group=DEFAULT_GROUP] success
20:46:35.171 [main] INFO  c.a.c.n.c.NacosConfigDataLoader - [logTo,250] - [Nacos Config] Load config[dataId=yuluo-microservices-auth.yml, group=DEFAULT_GROUP] success
20:46:37.529 [main] INFO  o.a.c.h.Http11NioProtocol - [log,173] - Initializing ProtocolHandler ["http-nio-9281"]
20:46:37.530 [main] INFO  o.a.c.c.StandardService - [log,173] - Starting service [Tomcat]
20:46:37.530 [main] INFO  o.a.c.c.StandardEngine - [log,173] - Starting Servlet engine: [Apache Tomcat/10.1.5]
20:46:37.624 [main] INFO  o.a.c.c.C.[.[.[/] - [log,173] - Initializing Spring embedded WebApplicationContext
20:46:39.179 [main] INFO  c.a.c.s.SentinelWebMvcConfigurer - [addInterceptors,52] - [Sentinel Starter] register SentinelWebInterceptor with urlPatterns: [/**].
20:46:43.383 [main] INFO  o.a.c.h.Http11NioProtocol - [log,173] - Starting ProtocolHandler ["http-nio-9281"]
20:46:43.767 [main] INFO  c.a.c.n.r.NacosServiceRegistry - [register,76] - nacos registry, DEFAULT_GROUP yuluo-microservices-auth 192.168.10.1:9281 register finished
20:46:43.981 [main] INFO  i.y.a.YuluoMicroServiceAuthApplication - [logStarted,57] - Started YuluoMicroServiceAuthApplication in 12.144 seconds (process running for 13.716)
20:46:43.999 [main] INFO  c.a.c.n.r.NacosContextRefresher - [registerNacosListener,129] - [Nacos Config] Listening config: dataId=yuluo-microservices-auth, group=DEFAULT_GROUP
20:46:44.000 [main] INFO  c.a.c.n.r.NacosContextRefresher - [registerNacosListener,129] - [Nacos Config] Listening config: dataId=yuluo-microservices-auth.yaml, group=DEFAULT_GROUP
20:46:44.003 [main] INFO  c.a.c.n.r.NacosContextRefresher - [registerNacosListener,129] - [Nacos Config] Listening config: dataId=yuluo-microservices-common.yml, group=DEFAULT_GROUP
20:46:44.013 [main] INFO  c.a.c.n.r.NacosContextRefresher - [registerNacosListener,129] - [Nacos Config] Listening config: dataId=yuluo-microservices-auth.yml, group=DEFAULT_GROUP
20:46:44.014 [main] INFO  c.a.c.n.r.NacosContextRefresher - [registerNacosListener,129] - [Nacos Config] Listening config: dataId=yuluo-microservices-auth-dev.yaml, group=DEFAULT_GROUP
20:46:44.324 [RMI TCP Connection(4)-192.168.3.19] INFO  o.a.c.c.C.[.[.[/] - [log,173] - Initializing Spring DispatcherServlet 'dispatcherServlet'
20:46:44.355 [RMI TCP Connection(3)-192.168.3.19] INFO  c.z.h.HikariDataSource - [getConnection,110] - HikariPool-1 - Starting...
20:46:44.554 [RMI TCP Connection(3)-192.168.3.19] INFO  c.z.h.p.HikariPool - [checkFailFast,565] - HikariPool-1 - Added connection com.p6spy.engine.wrapper.ConnectionWrapper@6806708e
20:46:44.565 [RMI TCP Connection(3)-192.168.3.19] INFO  c.z.h.HikariDataSource - [getConnection,123] - HikariPool-1 - Start completed.
20:54:13.101 [SpringApplicationShutdownHook] INFO  c.a.c.n.r.NacosServiceRegistry - [deregister,95] - De-registering from Nacos Server now...
20:54:13.104 [SpringApplicationShutdownHook] INFO  c.a.c.n.r.NacosServiceRegistry - [deregister,115] - De-registration finished.
20:54:13.229 [SpringApplicationShutdownHook] INFO  c.z.h.HikariDataSource - [close,350] - HikariPool-1 - Shutdown initiated...
20:54:13.234 [SpringApplicationShutdownHook] INFO  c.z.h.HikariDataSource - [close,352] - HikariPool-1 - Shutdown completed.
20:54:19.650 [background-preinit] INFO  o.h.v.i.util.Version - [<clinit>,21] - HV000001: Hibernate Validator 8.0.0.Final
20:54:19.710 [main] INFO  c.a.c.n.c.NacosConfigDataLoader - [logTo,250] - [Nacos Config] Load config[dataId=yuluo-microservices-common.yml, group=DEFAULT_GROUP] success
20:54:19.711 [main] INFO  c.a.c.n.c.NacosConfigDataLoader - [logTo,250] - [Nacos Config] Load config[dataId=yuluo-microservices-common.yml, group=DEFAULT_GROUP] success
20:54:19.711 [main] INFO  c.a.c.n.c.NacosConfigDataLoader - [logTo,250] - [Nacos Config] Load config[dataId=yuluo-microservices-auth.yml, group=DEFAULT_GROUP] success
20:54:20.273 [main] INFO  i.y.a.YuluoMicroServiceAuthApplication - [logStartupProfileInfo,636] - The following 1 profile is active: "dev"
20:54:20.287 [main] INFO  c.a.c.n.c.NacosConfigDataLoader - [logTo,250] - [Nacos Config] Load config[dataId=yuluo-microservices-common.yml, group=DEFAULT_GROUP] success
20:54:20.288 [main] INFO  c.a.c.n.c.NacosConfigDataLoader - [logTo,250] - [Nacos Config] Load config[dataId=yuluo-microservices-common.yml, group=DEFAULT_GROUP] success
20:54:20.288 [main] INFO  c.a.c.n.c.NacosConfigDataLoader - [logTo,250] - [Nacos Config] Load config[dataId=yuluo-microservices-auth.yml, group=DEFAULT_GROUP] success
20:54:22.581 [main] INFO  o.a.c.h.Http11NioProtocol - [log,173] - Initializing ProtocolHandler ["http-nio-9281"]
20:54:22.582 [main] INFO  o.a.c.c.StandardService - [log,173] - Starting service [Tomcat]
20:54:22.582 [main] INFO  o.a.c.c.StandardEngine - [log,173] - Starting Servlet engine: [Apache Tomcat/10.1.5]
20:54:22.674 [main] INFO  o.a.c.c.C.[.[.[/] - [log,173] - Initializing Spring embedded WebApplicationContext
20:54:23.959 [main] INFO  c.a.c.s.SentinelWebMvcConfigurer - [addInterceptors,52] - [Sentinel Starter] register SentinelWebInterceptor with urlPatterns: [/**].
20:54:28.186 [main] INFO  o.a.c.h.Http11NioProtocol - [log,173] - Starting ProtocolHandler ["http-nio-9281"]
20:54:28.654 [main] INFO  c.a.c.n.r.NacosServiceRegistry - [register,76] - nacos registry, DEFAULT_GROUP yuluo-microservices-auth 192.168.10.1:9281 register finished
20:54:28.886 [main] INFO  i.y.a.YuluoMicroServiceAuthApplication - [logStarted,57] - Started YuluoMicroServiceAuthApplication in 11.447 seconds (process running for 12.647)
20:54:28.906 [main] INFO  c.a.c.n.r.NacosContextRefresher - [registerNacosListener,129] - [Nacos Config] Listening config: dataId=yuluo-microservices-auth, group=DEFAULT_GROUP
20:54:28.907 [main] INFO  c.a.c.n.r.NacosContextRefresher - [registerNacosListener,129] - [Nacos Config] Listening config: dataId=yuluo-microservices-auth.yaml, group=DEFAULT_GROUP
20:54:28.909 [main] INFO  c.a.c.n.r.NacosContextRefresher - [registerNacosListener,129] - [Nacos Config] Listening config: dataId=yuluo-microservices-common.yml, group=DEFAULT_GROUP
20:54:28.917 [main] INFO  c.a.c.n.r.NacosContextRefresher - [registerNacosListener,129] - [Nacos Config] Listening config: dataId=yuluo-microservices-auth.yml, group=DEFAULT_GROUP
20:54:28.918 [main] INFO  c.a.c.n.r.NacosContextRefresher - [registerNacosListener,129] - [Nacos Config] Listening config: dataId=yuluo-microservices-auth-dev.yaml, group=DEFAULT_GROUP
20:54:29.218 [RMI TCP Connection(8)-192.168.3.19] INFO  o.a.c.c.C.[.[.[/] - [log,173] - Initializing Spring DispatcherServlet 'dispatcherServlet'
20:54:29.245 [RMI TCP Connection(7)-192.168.3.19] INFO  c.z.h.HikariDataSource - [getConnection,110] - HikariPool-1 - Starting...
20:54:29.498 [RMI TCP Connection(7)-192.168.3.19] INFO  c.z.h.p.HikariPool - [checkFailFast,565] - HikariPool-1 - Added connection com.p6spy.engine.wrapper.ConnectionWrapper@6c65427e
20:54:29.511 [RMI TCP Connection(7)-192.168.3.19] INFO  c.z.h.HikariDataSource - [getConnection,123] - HikariPool-1 - Start completed.
21:01:52.510 [SpringApplicationShutdownHook] INFO  c.a.c.n.r.NacosServiceRegistry - [deregister,95] - De-registering from Nacos Server now...
21:01:52.512 [SpringApplicationShutdownHook] INFO  c.a.c.n.r.NacosServiceRegistry - [deregister,115] - De-registration finished.
21:01:52.643 [SpringApplicationShutdownHook] INFO  c.z.h.HikariDataSource - [close,350] - HikariPool-1 - Shutdown initiated...
21:01:52.650 [SpringApplicationShutdownHook] INFO  c.z.h.HikariDataSource - [close,352] - HikariPool-1 - Shutdown completed.
